0 info it worked if it ends with ok
1 verbose cli [ '/usr/bin/node', '/usr/bin/npm', 'install', 'webpack', '-g' ]
2 info using npm@1.4.28
3 info using node@v0.10.32
4 verbose node symlink /usr/bin/node
5 verbose cache add [ 'webpack', null ]
6 verbose cache add name=undefined spec="webpack" args=["webpack",null]
7 verbose parsed url { protocol: null,
7 verbose parsed url   slashes: null,
7 verbose parsed url   auth: null,
7 verbose parsed url   host: null,
7 verbose parsed url   port: null,
7 verbose parsed url   hostname: null,
7 verbose parsed url   hash: null,
7 verbose parsed url   search: null,
7 verbose parsed url   query: null,
7 verbose parsed url   pathname: 'webpack',
7 verbose parsed url   path: 'webpack',
7 verbose parsed url   href: 'webpack' }
8 silly lockFile 057b6197-webpack webpack
9 verbose lock webpack /home/mateus/.npm/057b6197-webpack.lock
10 silly lockFile 057b6197-webpack webpack
11 silly lockFile 057b6197-webpack webpack
12 verbose addNamed [ 'webpack', '' ]
13 verbose addNamed [ null, '*' ]
14 silly lockFile 9c8dd08b-webpack webpack@
15 verbose lock webpack@ /home/mateus/.npm/9c8dd08b-webpack.lock
16 silly addNameRange { name: 'webpack', range: '*', hasData: false }
17 verbose request where is /webpack
18 verbose request registry https://registry.npmjs.org/
19 verbose request id 9d15eefeb43ef1dd
20 verbose url raw /webpack
21 verbose url resolving [ 'https://registry.npmjs.org/', './webpack' ]
22 verbose url resolved https://registry.npmjs.org/webpack
23 verbose request where is https://registry.npmjs.org/webpack
24 info trying registry request attempt 1 at 18:26:29
25 verbose etag "DY6VY6ZZS3EVI8JYUVZVLUMXZ"
26 http GET https://registry.npmjs.org/webpack
27 http 304 https://registry.npmjs.org/webpack
28 silly registry.get cb [ 304,
28 silly registry.get   { date: 'Fri, 26 Sep 2014 21:26:30 GMT',
28 silly registry.get     server: 'Apache',
28 silly registry.get     via: '1.1 varnish',
28 silly registry.get     'last-modified': 'Fri, 26 Sep 2014 21:26:30 GMT',
28 silly registry.get     'cache-control': 'max-age=60',
28 silly registry.get     etag: '"DY6VY6ZZS3EVI8JYUVZVLUMXZ"',
28 silly registry.get     'x-served-by': 'cache-atl6228-ATL',
28 silly registry.get     'x-cache': 'MISS',
28 silly registry.get     'x-cache-hits': '0',
28 silly registry.get     'x-timer': 'S1411766790.271979,VS0,VE48',
28 silly registry.get     vary: 'Accept',
28 silly registry.get     'content-length': '0',
28 silly registry.get     'keep-alive': 'timeout=10, max=50',
28 silly registry.get     connection: 'Keep-Alive' } ]
29 verbose etag https://registry.npmjs.org/webpack from cache
30 silly addNameRange number 2 { name: 'webpack', range: '*', hasData: true }
31 silly addNameRange versions [ 'webpack',
31 silly addNameRange   [ '0.1.0',
31 silly addNameRange     '0.1.1',
31 silly addNameRange     '0.1.2',
31 silly addNameRange     '0.1.3',
31 silly addNameRange     '0.1.4',
31 silly addNameRange     '0.1.5',
31 silly addNameRange     '0.1.6',
31 silly addNameRange     '0.2.0',
31 silly addNameRange     '0.2.1',
31 silly addNameRange     '0.2.2',
31 silly addNameRange     '0.2.3',
31 silly addNameRange     '0.2.4',
31 silly addNameRange     '0.2.6',
31 silly addNameRange     '0.2.7',
31 silly addNameRange     '0.2.8',
31 silly addNameRange     '0.3.0',
31 silly addNameRange     '0.3.1',
31 silly addNameRange     '0.3.2',
31 silly addNameRange     '0.3.3',
31 silly addNameRange     '0.3.4',
31 silly addNameRange     '0.3.6',
31 silly addNameRange     '0.3.7',
31 silly addNameRange     '0.3.8',
31 silly addNameRange     '0.3.9',
31 silly addNameRange     '0.3.10',
31 silly addNameRange     '0.3.11',
31 silly addNameRange     '0.3.12',
31 silly addNameRange     '0.3.13',
31 silly addNameRange     '0.3.14',
31 silly addNameRange     '0.3.15',
31 silly addNameRange     '0.3.16',
31 silly addNameRange     '0.3.17',
31 silly addNameRange     '0.3.18',
31 silly addNameRange     '0.3.19',
31 silly addNameRange     '0.3.20',
31 silly addNameRange     '0.4.0',
31 silly addNameRange     '0.4.1',
31 silly addNameRange     '0.4.2',
31 silly addNameRange     '0.4.3',
31 silly addNameRange     '0.4.4',
31 silly addNameRange     '0.4.5',
31 silly addNameRange     '0.4.6',
31 silly addNameRange     '0.4.7',
31 silly addNameRange     '0.4.8',
31 silly addNameRange     '0.4.9',
31 silly addNameRange     '0.4.10',
31 silly addNameRange     '0.4.11',
31 silly addNameRange     '0.4.12',
31 silly addNameRange     '0.4.13',
31 silly addNameRange     '0.4.14',
31 silly addNameRange     '0.4.15',
31 silly addNameRange     '0.4.16',
31 silly addNameRange     '0.4.17',
31 silly addNameRange     '0.4.18',
31 silly addNameRange     '0.4.19',
31 silly addNameRange     '0.4.20',
31 silly addNameRange     '0.4.21',
31 silly addNameRange     '0.4.23',
31 silly addNameRange     '0.4.24',
31 silly addNameRange     '0.4.25',
31 silly addNameRange     '0.5.0',
31 silly addNameRange     '0.5.1',
31 silly addNameRange     '0.5.2',
31 silly addNameRange     '0.5.3',
31 silly addNameRange     '0.5.4',
31 silly addNameRange     '0.5.5',
31 silly addNameRange     '0.5.6',
31 silly addNameRange     '0.5.7',
31 silly addNameRange     '0.5.8',
31 silly addNameRange     '0.5.10',
31 silly addNameRange     '0.6.0',
31 silly addNameRange     '0.6.1',
31 silly addNameRange     '0.6.2',
31 silly addNameRange     '0.7.0-beta',
31 silly addNameRange     '0.7.0-beta2',
31 silly addNameRange     '0.7.0-beta3',
31 silly addNameRange     '0.7.0-beta4',
31 silly addNameRange     '0.7.0-beta5',
31 silly addNameRange     '0.7.0-beta6',
31 silly addNameRange     '0.7.0-beta7',
31 silly addNameRange     '0.7.0-beta8',
31 silly addNameRange     '0.7.0',
31 silly addNameRange     '0.7.1',
31 silly addNameRange     '0.7.2',
31 silly addNameRange     '0.7.3',
31 silly addNameRange     '0.7.4',
31 silly addNameRange     '0.7.5',
31 silly addNameRange     '0.7.6',
31 silly addNameRange     '0.7.7',
31 silly addNameRange     '0.7.8',
31 silly addNameRange     '0.7.9',
31 silly addNameRange     '0.7.11',
31 silly addNameRange     '0.7.12',
31 silly addNameRange     '0.7.13',
31 silly addNameRange     '0.7.14',
31 silly addNameRange     '0.7.15',
31 silly addNameRange     '0.7.16',
31 silly addNameRange     '0.7.17',
31 silly addNameRange     '0.8.0-beta1',
31 silly addNameRange     '0.8.0-beta2',
31 silly addNameRange     '0.8.0-beta3',
31 silly addNameRange     '0.8.0-beta4',
31 silly addNameRange     '0.8.0',
31 silly addNameRange     '0.8.2',
31 silly addNameRange     '0.8.3',
31 silly addNameRange     '0.9.0-beta1',
31 silly addNameRange     '0.9.0-beta2',
31 silly addNameRange     '0.9.0-beta4',
31 silly addNameRange     '0.9.0-beta5',
31 silly addNameRange     '0.9.0-beta6',
31 silly addNameRange     '0.9.0-beta7',
31 silly addNameRange     '0.9.0-beta8',
31 silly addNameRange     '0.9.0-beta9',
31 silly addNameRange     '0.9.0-beta10',
31 silly addNameRange     '0.9.0-beta11',
31 silly addNameRange     '0.9.0-beta12',
31 silly addNameRange     '0.9.0-beta13',
31 silly addNameRange     '0.9.0-beta14',
31 silly addNameRange     '0.9.0-beta15',
31 silly addNameRange     '0.9.0-beta16',
31 silly addNameRange     '0.9.0-beta17',
31 silly addNameRange     '0.9.0-beta18',
31 silly addNameRange     '0.9.0-beta19',
31 silly addNameRange     '0.9.0-beta20',
31 silly addNameRange     '0.9.0-beta21',
31 silly addNameRange     '0.9.0-beta22',
31 silly addNameRange     '0.9.0-beta23',
31 silly addNameRange     '0.9.0-beta24',
31 silly addNameRange     '0.9.0-beta25',
31 silly addNameRange     '0.9.0-beta26',
31 silly addNameRange     '0.9.0-beta27',
31 silly addNameRange     '0.9.0-beta28',
31 silly addNameRange     '0.9.0-beta29',
31 silly addNameRange     '0.9.0-beta30',
31 silly addNameRange     '0.9.0-beta31',
31 silly addNameRange     '0.9.0-beta32',
31 silly addNameRange     '0.9.0-beta33',
31 silly addNameRange     '0.9.0-beta34',
31 silly addNameRange     '0.9.0-beta35',
31 silly addNameRange     '0.9.0-beta36',
31 silly addNameRange     '0.9.0-beta37',
31 silly addNameRange     '0.9.0-beta38',
31 silly addNameRange     '0.9.0',
31 silly addNameRange     '0.9.1',
31 silly addNameRange     '0.9.2',
31 silly addNameRange     '0.9.3',
31 silly addNameRange     '0.10.0-beta2',
31 silly addNameRange     '0.10.0-beta3',
31 silly addNameRange     '0.10.0-beta5',
31 silly addNameRange     '0.10.0-beta6',
31 silly addNameRange     '0.10.0-beta7',
31 silly addNameRange     '0.10.0-beta8',
31 silly addNameRange     '0.10.0-beta9',
31 silly addNameRange     '0.10.0-beta10',
31 silly addNameRange     '0.10.0-beta11',
31 silly addNameRange     '0.10.0-beta12',
31 silly addNameRange     '0.10.0-beta13',
31 silly addNameRange     '0.10.0-beta14',
31 silly addNameRange     '0.10.0-beta15',
31 silly addNameRange     '0.10.0-beta16',
31 silly addNameRange     '0.10.0-beta17',
31 silly addNameRange     '0.10.0-beta18',
31 silly addNameRange     '0.10.0-beta19',
31 silly addNameRange     '0.10.0-beta20',
31 silly addNameRange     '0.10.0-beta21',
31 silly addNameRange     '0.10.0-beta22',
31 silly addNameRange     '0.10.0-beta23',
31 silly addNameRange     '0.10.0-beta24',
31 silly addNameRange     '0.10.0-beta25',
31 silly addNameRange     '0.10.0',
31 silly addNameRange     '0.11.0-beta1',
31 silly addNameRange     '0.11.0-beta2',
31 silly addNameRange     '0.11.0-beta3',
31 silly addNameRange     '0.11.0-beta4',
31 silly addNameRange     '0.11.0-beta5',
31 silly addNameRange     '0.11.0-beta6',
31 silly addNameRange     '0.11.0-beta7',
31 silly addNameRange     '0.11.0-beta8',
31 silly addNameRange     '0.11.0-beta9',
31 silly addNameRange     '0.11.0-beta10',
31 silly addNameRange     '0.11.0-beta11',
31 silly addNameRange     '0.11.0-beta12',
31 silly addNameRange     '0.11.0-beta13',
31 silly addNameRange     '0.11.0-beta14',
31 silly addNameRange     '0.11.0-beta15',
31 silly addNameRange     '0.11.0-beta16',
31 silly addNameRange     '0.11.0-beta17',
31 silly addNameRange     '0.11.0-beta18',
31 silly addNameRange     '0.11.0-beta19',
31 silly addNameRange     '0.11.0-beta20',
31 silly addNameRange     '0.11.0-beta21',
31 silly addNameRange     '0.11.0-beta22',
31 silly addNameRange     '0.11.0-beta23',
31 silly addNameRange     '0.11.0-beta24',
31 silly addNameRange     '0.11.0-beta25',
31 silly addNameRange     '0.11.0-beta26',
31 silly addNameRange     '0.11.0-beta27',
31 silly addNameRange     '0.11.0-beta28',
31 silly addNameRange     '0.11.0-beta29',
31 silly addNameRange     '0.11.0',
31 silly addNameRange     '0.11.1',
31 silly addNameRange     '0.11.2',
31 silly addNameRange     '0.11.3',
31 silly addNameRange     '0.11.4',
31 silly addNameRange     '0.11.5',
31 silly addNameRange     '0.11.6',
31 silly addNameRange     '0.11.7',
31 silly addNameRange     '0.11.8',
31 silly addNameRange     '0.11.9',
31 silly addNameRange     '0.11.10',
31 silly addNameRange     '0.11.11',
31 silly addNameRange     '0.11.12',
31 silly addNameRange     '0.11.13',
31 silly addNameRange     '0.11.14',
31 silly addNameRange     '0.11.15',
31 silly addNameRange     '1.0.0-beta1',
31 silly addNameRange     '1.0.0-beta2',
31 silly addNameRange     '1.0.0-beta3',
31 silly addNameRange     '1.0.0-beta4',
31 silly addNameRange     '0.11.16',
31 silly addNameRange     '0.11.17',
31 silly addNameRange     '0.11.18',
31 silly addNameRange     '1.0.0-beta5',
31 silly addNameRange     '1.0.0-beta6',
31 silly addNameRange     '1.0.0-beta7',
31 silly addNameRange     '1.0.0-beta8',
31 silly addNameRange     '1.0.0-beta9',
31 silly addNameRange     '1.0.0-rc1',
31 silly addNameRange     '1.0.0-rc2',
31 silly addNameRange     '1.0.0-rc3',
31 silly addNameRange     '1.0.0-rc4',
31 silly addNameRange     '1.0.0-rc5',
31 silly addNameRange     '1.0.0-rc7',
31 silly addNameRange     '1.0.0-rc8',
31 silly addNameRange     '1.0.0-rc9',
31 silly addNameRange     '1.0.0-rc11',
31 silly addNameRange     '1.0.0-rc12',
31 silly addNameRange     '1.0.0',
31 silly addNameRange     '1.0.1',
31 silly addNameRange     '1.0.3',
31 silly addNameRange     '1.0.4',
31 silly addNameRange     '1.0.5',
31 silly addNameRange     '1.1.0-beta1',
31 silly addNameRange     '1.1.0-beta2',
31 silly addNameRange     '1.1.0-beta3',
31 silly addNameRange     '1.1.0-beta4',
31 silly addNameRange     '1.1.0-beta5',
31 silly addNameRange     '1.1.0-beta6',
31 silly addNameRange     '1.1.0-beta7',
31 silly addNameRange     '1.1.0-beta8',
31 silly addNameRange     '1.1.0-beta9',
31 silly addNameRange     '1.1.0-beta10',
31 silly addNameRange     '1.1.0-beta12',
31 silly addNameRange     '1.1.0',
31 silly addNameRange     '1.1.1',
31 silly addNameRange     '1.1.2',
31 silly addNameRange     '1.1.3',
31 silly addNameRange     '1.1.4',
31 silly addNameRange     '1.1.5',
31 silly addNameRange     '1.1.6',
31 silly addNameRange     '1.1.7',
31 silly addNameRange     '1.1.8',
31 silly addNameRange     '1.1.9',
31 silly addNameRange     '1.1.10',
31 silly addNameRange     '1.1.11',
31 silly addNameRange     '1.2.0-beta1',
31 silly addNameRange     '1.2.0-beta2',
31 silly addNameRange     '1.2.0-beta4',
31 silly addNameRange     '1.2.0-beta5',
31 silly addNameRange     '1.2.0-beta6',
31 silly addNameRange     '1.3.0-beta1',
31 silly addNameRange     '1.3.0-beta2',
31 silly addNameRange     '1.3.0-beta3',
31 silly addNameRange     '1.3.0-beta4',
31 silly addNameRange     '1.3.0-beta5',
31 silly addNameRange     '1.3.0-beta6',
31 silly addNameRange     '1.3.0-beta7',
31 silly addNameRange     '1.3.0-beta8',
31 silly addNameRange     '1.3.0-beta9',
31 silly addNameRange     '1.3.1-beta1',
31 silly addNameRange     '1.3.1-beta2',
31 silly addNameRange     '1.3.1-beta3',
31 silly addNameRange     '1.3.1-beta4',
31 silly addNameRange     '1.3.1-beta5',
31 silly addNameRange     '1.3.1-beta6',
31 silly addNameRange     '1.3.1-beta7',
31 silly addNameRange     '1.3.1-beta8',
31 silly addNameRange     '1.3.1-beta9',
31 silly addNameRange     '1.3.2-beta1',
31 silly addNameRange     '1.3.2-beta2',
31 silly addNameRange     '1.3.2-beta3',
31 silly addNameRange     '1.3.2-beta4',
31 silly addNameRange     '1.3.2-beta5',
31 silly addNameRange     '1.3.2-beta6',
31 silly addNameRange     '1.3.2-beta7',
31 silly addNameRange     '1.3.2-beta8',
31 silly addNameRange     '1.3.2-beta9',
31 silly addNameRange     '1.3.3-beta1',
31 silly addNameRange     '1.3.3-beta2',
31 silly addNameRange     '1.3.4',
31 silly addNameRange     '1.3.5',
31 silly addNameRange     '1.3.6',
31 silly addNameRange     '1.3.7',
31 silly addNameRange     '1.4.0-beta1',
31 silly addNameRange     '1.4.0-beta2',
31 silly addNameRange     '1.4.0-beta3',
31 silly addNameRange     '1.4.0-beta4',
31 silly addNameRange     '1.4.0-beta5',
31 silly addNameRange     '1.4.0-beta6',
31 silly addNameRange     '1.4.0-beta7',
31 silly addNameRange     '1.4.0-beta8',
31 silly addNameRange     '1.4.0-beta9',
31 silly addNameRange     '1.4.0-beta10',
31 silly addNameRange     '1.4.1-beta1',
31 silly addNameRange     '1.4.2',
31 silly addNameRange     '1.4.3',
31 silly addNameRange     '1.4.4' ] ]
32 verbose addNamed [ 'webpack', '1.4.4' ]
33 verbose addNamed [ '1.4.4', '1.4.4' ]
34 silly lockFile 1fd2b9a6-webpack-1-4-4 webpack@1.4.4
35 verbose lock webpack@1.4.4 /home/mateus/.npm/1fd2b9a6-webpack-1-4-4.lock
36 silly lockFile 1fd2b9a6-webpack-1-4-4 webpack@1.4.4
37 silly lockFile 1fd2b9a6-webpack-1-4-4 webpack@1.4.4
38 silly lockFile 9c8dd08b-webpack webpack@
39 silly lockFile 9c8dd08b-webpack webpack@
40 silly resolved [ { name: 'webpack',
40 silly resolved     version: '1.4.4',
40 silly resolved     author: { name: 'Tobias Koppers @sokra' },
40 silly resolved     description: 'Packs CommonJs/AMD modules for the browser. Allows to split your codebase into multiple bundles, which can be loaded on demand. Support loaders to preprocess files, i.e. json, jade, coffee, css, less, ... and your custom stuff.',
40 silly resolved     dependencies:
40 silly resolved      { esprima: '~1.2.0',
40 silly resolved        mkdirp: '~0.5.0',
40 silly resolved        optimist: '~0.6.0',
40 silly resolved        'uglify-js': '~2.4.13',
40 silly resolved        async: '~0.9.0',
40 silly resolved        'enhanced-resolve': '~0.7.0',
40 silly resolved        'memory-fs': '~0.1.0',
40 silly resolved        clone: '~0.1.15',
40 silly resolved        'webpack-core': '~0.4.8',
40 silly resolved        'node-libs-browser': '~0.4.0',
40 silly resolved        tapable: '~0.1.8' },
40 silly resolved     licenses: [ [Object] ],
40 silly resolved     devDependencies:
40 silly resolved      { mocha: '~1.21.1',
40 silly resolved        should: '~4.0.4',
40 silly resolved        'vm-browserify': '~0.0.0',
40 silly resolved        express: '~3.4.8',
40 silly resolved        'webpack-dev-middleware': '^1.0.0',
40 silly resolved        'worker-loader': '~0.5.0',
40 silly resolved        'raw-loader': '~0.5.0',
40 silly resolved        'json-loader': '~0.5.1',
40 silly resolved        'jade-loader': '~0.6.1',
40 silly resolved        'coffee-loader': '~0.7.1',
40 silly resolved        'css-loader': '~0.9.0',
40 silly resolved        'less-loader': '~0.7.0',
40 silly resolved        'style-loader': '~0.8.0',
40 silly resolved        'script-loader': '~0.6.0',
40 silly resolved        'bundle-loader': '~0.5.0',
40 silly resolved        'file-loader': '~0.7.2',
40 silly resolved        'url-loader': '~0.5.0',
40 silly resolved        'val-loader': '~0.5.0',
40 silly resolved        'i18n-webpack-plugin': '~0.2.0',
40 silly resolved        'extract-text-webpack-plugin': '~0.3.0',
40 silly resolved        'component-webpack-plugin': '~0.2.0' },
40 silly resolved     engines: { node: '>=0.6' },
40 silly resolved     repository: { type: 'git', url: 'http://github.com/webpack/webpack.git' },
40 silly resolved     homepage: 'http://github.com/webpack/webpack',
40 silly resolved     main: 'lib/webpack.js',
40 silly resolved     web: 'lib/webpack.web.js',
40 silly resolved     bin: { webpack: './bin/webpack.js' },
40 silly resolved     scripts:
40 silly resolved      { test: 'mocha --reporter spec',
40 silly resolved        cover: 'istanbul cover node_modules/mocha/bin/_mocha -- -R spec' },
40 silly resolved     gitHead: '2bcb6f9bca77d5d4a42efface7c1e274412b5b64',
40 silly resolved     bugs: { url: 'https://github.com/webpack/webpack/issues' },
40 silly resolved     _id: 'webpack@1.4.4',
40 silly resolved     _shasum: 'd8bd2801406057ea970c16ebe2faf1246a2d394c',
40 silly resolved     _from: 'webpack@',
40 silly resolved     _npmVersion: '1.4.23',
40 silly resolved     _npmUser: { name: 'sokra', email: 'tobias.koppers@googlemail.com' },
40 silly resolved     maintainers: [ [Object] ],
40 silly resolved     dist:
40 silly resolved      { shasum: 'd8bd2801406057ea970c16ebe2faf1246a2d394c',
40 silly resolved        tarball: 'http://registry.npmjs.org/webpack/-/webpack-1.4.4.tgz' },
40 silly resolved     directories: {},
40 silly resolved     _resolved: 'https://registry.npmjs.org/webpack/-/webpack-1.4.4.tgz',
40 silly resolved     readme: 'ERROR: No README data found!' } ]
41 info install webpack@1.4.4 into /usr/lib
42 info installOne webpack@1.4.4
43 verbose lib/node_modules/webpack unbuild
44 verbose tar unpack /home/mateus/.npm/webpack/1.4.4/package.tgz
45 silly lockFile 27155615-tar-usr-lib-node-modules-webpack tar:///usr/lib/node_modules/webpack
46 verbose lock tar:///usr/lib/node_modules/webpack /home/mateus/.npm/27155615-tar-usr-lib-node-modules-webpack.lock
47 silly lockFile 182dad0d-us-npm-webpack-1-4-4-package-tgz tar:///home/mateus/.npm/webpack/1.4.4/package.tgz
48 verbose lock tar:///home/mateus/.npm/webpack/1.4.4/package.tgz /home/mateus/.npm/182dad0d-us-npm-webpack-1-4-4-package-tgz.lock
49 silly gunzTarPerm modes [ '775', '664' ]
50 error Error: EACCES, mkdir '/usr/lib/node_modules/webpack'
50 error  { [Error: EACCES, mkdir '/usr/lib/node_modules/webpack']
50 error   errno: 3,
50 error   code: 'EACCES',
50 error   path: '/usr/lib/node_modules/webpack',
50 error   fstream_type: 'Directory',
50 error   fstream_path: '/usr/lib/node_modules/webpack',
50 error   fstream_class: 'DirWriter',
50 error   fstream_stack:
50 error    [ '/usr/lib/node_modules/npm/node_modules/fstream/lib/dir-writer.js:36:23',
50 error      '/usr/lib/node_modules/npm/node_modules/mkdirp/index.js:46:53',
50 error      'Object.oncomplete (fs.js:107:15)' ] }
51 error Please try running this command again as root/Administrator.
52 error System Linux 3.2.0-68-generic
53 error command "/usr/bin/node" "/usr/bin/npm" "install" "webpack" "-g"
54 error cwd /home/mateus/dev/ledmatrix
55 error node -v v0.10.32
56 error npm -v 1.4.28
57 error path /usr/lib/node_modules/webpack
58 error fstream_path /usr/lib/node_modules/webpack
59 error fstream_type Directory
60 error fstream_class DirWriter
61 error code EACCES
62 error errno 3
63 error stack Error: EACCES, mkdir '/usr/lib/node_modules/webpack'
64 error fstream_stack /usr/lib/node_modules/npm/node_modules/fstream/lib/dir-writer.js:36:23
64 error fstream_stack /usr/lib/node_modules/npm/node_modules/mkdirp/index.js:46:53
64 error fstream_stack Object.oncomplete (fs.js:107:15)
65 verbose exit [ 3, true ]
